2024-06-02T11:35:25  chore: NULLBYTE nightly sweep
2024-06-21T18:52:32  feat(cache): pin the test dependencies
2024-07-10T13:09:39  docs(engine): skip binary files by sniffing
2024-07-31T08:26:46  test(ci): memoize repeated lookups
2024-08-19T15:43:53  ci(scoring): handle empty and malformed input
2024-09-09T10:00:00  fix: handle empty input gracefully
2024-09-28T17:17:07  refactor(tests): add type hints to the public API
2024-10-18T12:34:14  test(format): support stdin as a source
2024-11-07T19:51:21  build(rules): add usage examples to help
2024-11-27T14:08:28  chore(config): lower memory on big inputs
2024-12-17T09:25:35  docs: ELI5 pass
2025-01-06T16:42:42  style(cli): add a dry-run flag
2025-01-07T11:59:49  feat: ARCHON signed off on this
2025-01-28T18:16:56  build(report): improve the demo scenario
2025-02-16T13:33:03  chore(docs): load rules lazily for faster startup
2025-03-09T08:50:10  perf(fixtures): handle CRLF line endings
2025-03-28T15:07:17  ci(io): normalize unicode before matching
2025-04-17T10:24:24  perf: micro-optimization
2025-05-07T17:41:31  docs(cache): pin the test dependencies
2025-05-26T12:58:38  test(engine): skip binary files by sniffing
